[debug] [2018-01-15T00:30:46.940Z] ----------------------------------------------------------------------
[debug] [2018-01-15T00:30:46.942Z] Command:       /usr/bin/node /usr/bin/firebase serve --only functions
[debug] [2018-01-15T00:30:46.943Z] CLI Version:   3.16.0
[debug] [2018-01-15T00:30:46.943Z] Platform:      linux
[debug] [2018-01-15T00:30:46.943Z] Node Version:  v6.12.3
[debug] [2018-01-15T00:30:46.943Z] Time:          Sun Jan 14 2018 21:30:46 GMT-0300 (-03)
[debug] [2018-01-15T00:30:46.943Z] ----------------------------------------------------------------------
[debug] 
[debug] [2018-01-15T00:30:46.953Z] > command requires scopes: ["email","openid","https://www.googleapis.com/auth/cloudplatformprojects.readonly","https://www.googleapis.com/auth/firebase","https://www.googleapis.com/auth/cloud-platform"]
[debug] [2018-01-15T00:30:46.953Z] > authorizing via signed-in user
[debug] [2018-01-15T00:30:46.955Z] >>> HTTP REQUEST GET https://admin.firebase.com/v1/projects/parada-san-nicolas  
  
 Sun Jan 14 2018 21:30:46 GMT-0300 (-03)
[debug] [2018-01-15T00:30:49.000Z] <<< HTTP RESPONSE 200
[debug] [2018-01-15T00:30:49.005Z] >>> HTTP REQUEST GET https://admin.firebase.com/v1/database/parada-san-nicolas/tokens  
  
 Sun Jan 14 2018 21:30:49 GMT-0300 (-03)
[debug] [2018-01-15T00:30:50.261Z] <<< HTTP RESPONSE 200
[info] 
[info] === Serving from '/home/carloscba/Desarrollo/parada-san-nicolas'...
[info] 
[debug] [2018-01-15T00:30:52.161Z] Error: EACCES: permission denied, mkdir '/usr/lib/node_modules/firebase-tools/node_modules/@google-cloud/functions-emulator/logs'
    at Error (native)
    at Object.fs.mkdirSync (fs.js:932:18)
    at Object.assertLogsPath (/usr/lib/node_modules/firebase-tools/node_modules/@google-cloud/functions-emulator/src/emulator/logs.js:65:10)
    at new Controller (/usr/lib/node_modules/firebase-tools/node_modules/@google-cloud/functions-emulator/src/cli/controller.js:85:32)
    at FunctionsEmulator.start (/usr/lib/node_modules/firebase-tools/lib/functionsEmulator.js:108:21)
    at Object.start (/usr/lib/node_modules/firebase-tools/lib/serve/functions.js:9:29)
    at /usr/lib/node_modules/firebase-tools/lib/serve/index.js:16:19
    at arrayMap (/usr/lib/node_modules/firebase-tools/node_modules/lodash/lodash.js:660:23)
    at Function.map (/usr/lib/node_modules/firebase-tools/node_modules/lodash/lodash.js:9571:14)
    at _serve (/usr/lib/node_modules/firebase-tools/lib/serve/index.js:14:21)
[error] 
[error] Error: An unexpected error has occurred.
